<?xml version="1.0" encoding="UTF-8"?>
<testsuite xmlns:xsi="http://www.w3.org/2001/XMLSchema-instance" xsi:noNamespaceSchemaLocation="https://maven.apache.org/surefire/maven-surefire-plugin/xsd/surefire-test-report.xsd" name="com.ego.TestDubbo" time="0" tests="0" errors="0" skipped="0" failures="0">
  <properties>
    <property name="sun.desktop" value="windows"/>
    <property name="awt.toolkit" value="sun.awt.windows.WToolkit"/>
    <property name="file.encoding.pkg" value="sun.io"/>
    <property name="java.specification.version" value="1.8"/>
    <property name="sun.cpu.isalist" value="amd64"/>
    <property name="sun.jnu.encoding" value="GBK"/>
    <property name="java.class.path" value="D:\workspaceForIdea\ego-parent\ego-dubbo\target\test-classes;D:\workspaceForIdea\ego-parent\ego-dubbo\target\classes;D:\workspaceForIdea\ego-parent\ego-interface\target\ego-interface-1.0-SNAPSHOT.jar;D:\workspaceForIdea\ego-parent\ego-pojo\target\ego-pojo-1.0-SNAPSHOT.jar;D:\RepositoryForMaven\org\springframework\spring-jdbc\4.1.6.RELEASE\spring-jdbc-4.1.6.RELEASE.jar;D:\RepositoryForMaven\org\springframework\spring-beans\4.1.6.RELEASE\spring-beans-4.1.6.RELEASE.jar;D:\RepositoryForMaven\org\springframework\spring-core\4.1.6.RELEASE\spring-core-4.1.6.RELEASE.jar;D:\RepositoryForMaven\commons-logging\commons-logging\1.2\commons-logging-1.2.jar;D:\RepositoryForMaven\org\springframework\spring-tx\4.1.6.RELEASE\spring-tx-4.1.6.RELEASE.jar;D:\RepositoryForMaven\org\mybatis\mybatis\3.2.7\mybatis-3.2.7.jar;D:\RepositoryForMaven\org\mybatis\mybatis-spring\1.2.3\mybatis-spring-1.2.3.jar;D:\RepositoryForMaven\log4j\log4j\1.2.17\log4j-1.2.17.jar;D:\RepositoryForMaven\mysql\mysql-connector-java\5.1.38\mysql-connector-java-5.1.38.jar;D:\RepositoryForMaven\com\fasterxml\jackson\core\jackson-databind\2.4.1\jackson-databind-2.4.1.jar;D:\RepositoryForMaven\com\fasterxml\jackson\core\jackson-annotations\2.4.0\jackson-annotations-2.4.0.jar;D:\RepositoryForMaven\com\fasterxml\jackson\core\jackson-core\2.4.1\jackson-core-2.4.1.jar;D:\RepositoryForMaven\org\aspectj\aspectjweaver\1.8.6\aspectjweaver-1.8.6.jar;D:\RepositoryForMaven\com\alibaba\dubbo\2.5.3\dubbo-2.5.3.jar;D:\RepositoryForMaven\org\javassist\javassist\3.15.0-GA\javassist-3.15.0-GA.jar;D:\RepositoryForMaven\org\jboss\netty\netty\3.2.5.Final\netty-3.2.5.Final.jar;D:\RepositoryForMaven\org\springframework\spring-context\4.1.6.RELEASE\spring-context-4.1.6.RELEASE.jar;D:\RepositoryForMaven\org\springframework\spring-aop\4.1.6.RELEASE\spring-aop-4.1.6.RELEASE.jar;D:\RepositoryForMaven\aopalliance\aopalliance\1.0\aopalliance-1.0.jar;D:\RepositoryForMaven\org\springframework\spring-expression\4.1.6.RELEASE\spring-expression-4.1.6.RELEASE.jar;D:\RepositoryForMaven\com\101tec\zkclient\0.10\zkclient-0.10.jar;D:\RepositoryForMaven\org\slf4j\slf4j-api\1.6.1\slf4j-api-1.6.1.jar;D:\RepositoryForMaven\org\apache\zookeeper\zookeeper\3.4.8\zookeeper-3.4.8.jar;D:\RepositoryForMaven\org\slf4j\slf4j-log4j12\1.6.1\slf4j-log4j12-1.6.1.jar;D:\RepositoryForMaven\jline\jline\0.9.94\jline-0.9.94.jar;D:\RepositoryForMaven\io\netty\netty\3.7.0.Final\netty-3.7.0.Final.jar;D:\RepositoryForMaven\com\github\pagehelper\pagehelper\4.1.6\pagehelper-4.1.6.jar;D:\RepositoryForMaven\com\github\jsqlparser\jsqlparser\0.9.5\jsqlparser-0.9.5.jar;D:\RepositoryForMaven\com\mchange\c3p0\0.9.5.2\c3p0-0.9.5.2.jar;D:\RepositoryForMaven\com\mchange\mchange-commons-java\0.2.11\mchange-commons-java-0.2.11.jar;"/>
    <property name="java.vm.vendor" value="Oracle Corporation"/>
    <property name="sun.arch.data.model" value="64"/>
    <property name="user.variant" value=""/>
    <property name="java.vendor.url" value="http://java.oracle.com/"/>
    <property name="user.timezone" value="Asia/Shanghai"/>
    <property name="java.vm.specification.version" value="1.8"/>
    <property name="os.name" value="Windows 10"/>
    <property name="user.country" value="CN"/>
    <property name="sun.java.launcher" value="SUN_STANDARD"/>
    <property name="sun.boot.library.path" value="D:\Program Files\Java\jdk1.8.0_101\jre\bin"/>
    <property name="sun.java.command" value="C:\Users\ADMINI~1\AppData\Local\Temp\surefire4139978592509993855\surefirebooter3604229355964691849.jar C:\Users\Administrator\AppData\Local\Temp\surefire4139978592509993855 2019-10-11T16-41-10_816-jvmRun1 surefire4743135037651058342tmp surefire_2247142226908554682tmp"/>
    <property name="surefire.test.class.path" value="D:\workspaceForIdea\ego-parent\ego-dubbo\target\test-classes;D:\workspaceForIdea\ego-parent\ego-dubbo\target\classes;D:\workspaceForIdea\ego-parent\ego-interface\target\ego-interface-1.0-SNAPSHOT.jar;D:\workspaceForIdea\ego-parent\ego-pojo\target\ego-pojo-1.0-SNAPSHOT.jar;D:\RepositoryForMaven\org\springframework\spring-jdbc\4.1.6.RELEASE\spring-jdbc-4.1.6.RELEASE.jar;D:\RepositoryForMaven\org\springframework\spring-beans\4.1.6.RELEASE\spring-beans-4.1.6.RELEASE.jar;D:\RepositoryForMaven\org\springframework\spring-core\4.1.6.RELEASE\spring-core-4.1.6.RELEASE.jar;D:\RepositoryForMaven\commons-logging\commons-logging\1.2\commons-logging-1.2.jar;D:\RepositoryForMaven\org\springframework\spring-tx\4.1.6.RELEASE\spring-tx-4.1.6.RELEASE.jar;D:\RepositoryForMaven\org\mybatis\mybatis\3.2.7\mybatis-3.2.7.jar;D:\RepositoryForMaven\org\mybatis\mybatis-spring\1.2.3\mybatis-spring-1.2.3.jar;D:\RepositoryForMaven\log4j\log4j\1.2.17\log4j-1.2.17.jar;D:\RepositoryForMaven\mysql\mysql-connector-java\5.1.38\mysql-connector-java-5.1.38.jar;D:\RepositoryForMaven\com\fasterxml\jackson\core\jackson-databind\2.4.1\jackson-databind-2.4.1.jar;D:\RepositoryForMaven\com\fasterxml\jackson\core\jackson-annotations\2.4.0\jackson-annotations-2.4.0.jar;D:\RepositoryForMaven\com\fasterxml\jackson\core\jackson-core\2.4.1\jackson-core-2.4.1.jar;D:\RepositoryForMaven\org\aspectj\aspectjweaver\1.8.6\aspectjweaver-1.8.6.jar;D:\RepositoryForMaven\com\alibaba\dubbo\2.5.3\dubbo-2.5.3.jar;D:\RepositoryForMaven\org\javassist\javassist\3.15.0-GA\javassist-3.15.0-GA.jar;D:\RepositoryForMaven\org\jboss\netty\netty\3.2.5.Final\netty-3.2.5.Final.jar;D:\RepositoryForMaven\org\springframework\spring-context\4.1.6.RELEASE\spring-context-4.1.6.RELEASE.jar;D:\RepositoryForMaven\org\springframework\spring-aop\4.1.6.RELEASE\spring-aop-4.1.6.RELEASE.jar;D:\RepositoryForMaven\aopalliance\aopalliance\1.0\aopalliance-1.0.jar;D:\RepositoryForMaven\org\springframework\spring-expression\4.1.6.RELEASE\spring-expression-4.1.6.RELEASE.jar;D:\RepositoryForMaven\com\101tec\zkclient\0.10\zkclient-0.10.jar;D:\RepositoryForMaven\org\slf4j\slf4j-api\1.6.1\slf4j-api-1.6.1.jar;D:\RepositoryForMaven\org\apache\zookeeper\zookeeper\3.4.8\zookeeper-3.4.8.jar;D:\RepositoryForMaven\org\slf4j\slf4j-log4j12\1.6.1\slf4j-log4j12-1.6.1.jar;D:\RepositoryForMaven\jline\jline\0.9.94\jline-0.9.94.jar;D:\RepositoryForMaven\io\netty\netty\3.7.0.Final\netty-3.7.0.Final.jar;D:\RepositoryForMaven\com\github\pagehelper\pagehelper\4.1.6\pagehelper-4.1.6.jar;D:\RepositoryForMaven\com\github\jsqlparser\jsqlparser\0.9.5\jsqlparser-0.9.5.jar;D:\RepositoryForMaven\com\mchange\c3p0\0.9.5.2\c3p0-0.9.5.2.jar;D:\RepositoryForMaven\com\mchange\mchange-commons-java\0.2.11\mchange-commons-java-0.2.11.jar;"/>
    <property name="sun.cpu.endian" value="little"/>
    <property name="user.home" value="C:\Users\Administrator"/>
    <property name="user.language" value="zh"/>
    <property name="java.specification.vendor" value="Oracle Corporation"/>
    <property name="java.home" value="D:\Program Files\Java\jdk1.8.0_101\jre"/>
    <property name="basedir" value="D:\workspaceForIdea\ego-parent\ego-dubbo"/>
    <property name="file.separator" value="\"/>
    <property name="line.separator" value="&#10;"/>
    <property name="java.vm.specification.vendor" value="Oracle Corporation"/>
    <property name="java.specification.name" value="Java Platform API Specification"/>
    <property name="java.awt.graphicsenv" value="sun.awt.Win32GraphicsEnvironment"/>
    <property name="surefire.real.class.path" value="C:\Users\ADMINI~1\AppData\Local\Temp\surefire4139978592509993855\surefirebooter3604229355964691849.jar"/>
    <property name="sun.boot.class.path" value="D:\Program Files\Java\jdk1.8.0_101\jre\lib\resources.jar;D:\Program Files\Java\jdk1.8.0_101\jre\lib\rt.jar;D:\Program Files\Java\jdk1.8.0_101\jre\lib\sunrsasign.jar;D:\Program Files\Java\jdk1.8.0_101\jre\lib\jsse.jar;D:\Program Files\Java\jdk1.8.0_101\jre\lib\jce.jar;D:\Program Files\Java\jdk1.8.0_101\jre\lib\charsets.jar;D:\Program Files\Java\jdk1.8.0_101\jre\lib\jfr.jar;D:\Program Files\Java\jdk1.8.0_101\jre\classes"/>
    <property name="user.script" value=""/>
    <property name="sun.management.compiler" value="HotSpot 64-Bit Tiered Compilers"/>
    <property name="java.runtime.version" value="1.8.0_101-b13"/>
    <property name="user.name" value="Administrator"/>
    <property name="path.separator" value=";"/>
    <property name="os.version" value="10.0"/>
    <property name="java.endorsed.dirs" value="D:\Program Files\Java\jdk1.8.0_101\jre\lib\endorsed"/>
    <property name="java.runtime.name" value="Java(TM) SE Runtime Environment"/>
    <property name="file.encoding" value="GBK"/>
    <property name="java.vm.name" value="Java HotSpot(TM) 64-Bit Server VM"/>
    <property name="localRepository" value="D:\RepositoryForMaven"/>
    <property name="java.vendor.url.bug" value="http://bugreport.sun.com/bugreport/"/>
    <property name="java.io.tmpdir" value="C:\Users\ADMINI~1\AppData\Local\Temp\"/>
    <property name="idea.version" value="2017.2.3"/>
    <property name="java.version" value="1.8.0_101"/>
    <property name="user.dir" value="D:\workspaceForIdea\ego-parent\ego-dubbo"/>
    <property name="os.arch" value="amd64"/>
    <property name="java.vm.specification.name" value="Java Virtual Machine Specification"/>
    <property name="java.awt.printerjob" value="sun.awt.windows.WPrinterJob"/>
    <property name="sun.os.patch.level" value=""/>
    <property name="java.library.path" value="D:\Program Files\Java\jdk1.8.0_101\jre\bin;C:\windows\Sun\Java\bin;C:\windows\system32;C:\windows;D:\Program Files\Java\jdk1.8.0_101\bin;D:\Program Files\Java\jdk1.8.0_101\jre\bin;C:\Program Files (x86)\Common Files\NetSarang;C:\windows\system32;C:\windows;C:\windows\System32\Wbem;C:\windows\System32\WindowsPowerShell\v1.0\;D:\Program Files\apache-tomcat-7.0.56\bin;C:\Program Files (x86)\MySQL\MySQL Fabric 1.5 &amp; MySQL Utilities 1.5\;C:\Program Files (x86)\MySQL\MySQL Fabric 1.5 &amp; MySQL Utilities 1.5\Doctrine extensions for PHP\;D:\Program Files\TortoiseSVN\bin;D:\Program Files\VisualSVN Server\bin;C:\Program Files\MySQL\MySQL Server 5.7\bin;D:\Program Files\apache-maven-3.3.3\bin;D:\Program Files\Git\cmd;C:\Users\Administrator\AppData\Local\Microsoft\WindowsApps;."/>
    <property name="java.vm.info" value="mixed mode"/>
    <property name="java.vendor" value="Oracle Corporation"/>
    <property name="java.vm.version" value="25.101-b13"/>
    <property name="java.ext.dirs" value="D:\Program Files\Java\jdk1.8.0_101\jre\lib\ext;C:\windows\Sun\Java\lib\ext"/>
    <property name="sun.io.unicode.encoding" value="UnicodeLittle"/>
    <property name="java.class.version" value="52.0"/>
  </properties>
</testsuite>